<?xml version="1.0" encoding="UTF-8"?>
<!-- Generated by org.testng.reporters.JUnitReportReporter -->
<testsuite skipped="0" hostname="Ranjeet-PC" name="TestP.TestCasesClass" tests="2" failures="0" timestamp="17 Dec 2021 20:04:09 GMT" time="311.468" errors="0">
  <testcase name="positiveTest1" time="164.950" classname="TestP.TestCasesClass"/>
  <testcase name="PositiveTest2" time="146.518" classname="TestP.TestCasesClass"/>
</testsuite> <!-- TestP.TestCasesClass -->
